proguard/seeds.txt
com.lecootech.market.R$id
com.lecootech.market.R$id: int ProgressBar01
com.lecootech.market.R$id: int add_comment
com.lecootech.market.R$id: int anager
com.lecootech.market.R$id: int asset_title
com.lecootech.market.R$id: int author
com.lecootech.market.R$id: int bang
com.lecootech.market.R$id: int button
com.lecootech.market.R$id: int button_area
com.lecootech.market.R$id: int cancelButton
com.lecootech.market.R$id: int cancel_button
com.lecootech.market.R$id: int category
com.lecootech.market.R$id: int category_image
com.lecootech.market.R$id: int category_name
com.lecootech.market.R$id: int center_name
com.lecootech.market.R$id: int clear
com.lecootech.market.R$id: int clear_text
com.lecootech.market.R$id: int colle_txt
com.lecootech.market.R$id: int comment_body
com.lecootech.market.R$id: int comment_item
com.lecootech.market.R$id: int comment_main
com.lecootech.market.R$id: int comment_text
com.lecootech.market.R$id: int comment_times
com.lecootech.market.R$id: int comment_title
com.lecootech.market.R$id: int containerBody
com.lecootech.market.R$id: int content_area
com.lecootech.market.R$id: int date
com.lecootech.market.R$id: int description
com.lecootech.market.R$id: int dialog_about_okbutton
com.lecootech.market.R$id: int display_webview
com.lecootech.market.R$id: int do_search
com.lecootech.market.R$id: int download
com.lecootech.market.R$id: int download_cancel
com.lecootech.market.R$id: int download_size
com.lecootech.market.R$id: int dummybutton
com.lecootech.market.R$menu
com.lecootech.market.R$menu: int menu_one
com.lecootech.market.R$menu: int menu_two
com.lecootech.market.R$style
com.lecootech.market.R$style: int ErrorTypeRadio
com.lecootech.market.R$style: int IWProgressBarStar
com.lecootech.market.R$style: int IWRatingBar
com.lecootech.market.R$style: int IWRatingBarLarge
com.lecootech.market.R$style: int IWRatingBarPingrun
com.lecootech.market.R$style: int IWRatingBarSmall
com.lecootech.market.R$style: int TrafficWarningTheme
com.lecootech.market.R$style: int WarningTheme
com.lecootech.market.R$style: int dialog
com.lecootech.market.R$style: int sdmemorysize
com.lecootech.market.R$drawable
com.lecootech.market.R$drawable: int aa
com.lecootech.market.R$drawable: int about
com.lecootech.market.R$drawable: int account
com.lecootech.market.R$drawable: int asset_detail
com.lecootech.market.R$drawable: int background
com.lecootech.market.R$drawable: int black
com.lecootech.market.R$drawable: int blue
com.lecootech.market.R$drawable: int button_nomal
com.lecootech.market.R$drawable: int button_normal
com.lecootech.market.R$drawable: int button_pressed
com.lecootech.market.R$drawable: int button_select
com.lecootech.market.R$drawable: int coment_top
com.lecootech.market.R$drawable: int contact
com.lecootech.market.R$drawable: int contact2
com.lecootech.market.R$drawable: int divider
com.lecootech.market.R$drawable: int feedback
com.lecootech.market.R$drawable: int fenlei_background
com.lecootech.market.R$drawable: int filterunpressed
com.lecootech.market.R$drawable: int gallery_background
com.lecootech.market.R$drawable: int gallery_check
com.lecootech.market.R$drawable: int gallery_diver
com.lecootech.market.R$drawable: int gallery_nocheck
com.lecootech.market.R$drawable: int galley_check
com.lecootech.market.R$drawable: int green
com.lecootech.market.R$drawable: int hot_month
com.lecootech.market.R$drawable: int hot_week
com.lecootech.market.R$drawable: int htot_day
com.lecootech.market.R$drawable: int ic_category
com.lecootech.market.R$drawable: int ic_downloads
com.lecootech.market.R$drawable: int ic_rating
com.lecootech.market.R$attr
com.lecootech.market.R$xml
com.lecootech.market.R$xml: int setting_preferences
...
com.feedback.ui.ThreadView
com.feedback.ui.ThreadView: ThreadView(android.content.Context,android.util.AttributeSet)
com.feedback.a.e: com.feedback.a.e[] values()
com.feedback.a.e: com.feedback.a.e valueOf(java.lang.String)
com.feedback.a.b: com.feedback.a.b[] values()
com.feedback.a.b: com.feedback.a.b valueOf(java.lang.String)
com.feedback.a.c: com.feedback.a.c[] values()
com.feedback.a.c: com.feedback.a.c valueOf(java.lang.String)
com.feedback.NotificationType: com.feedback.NotificationType[] values()
com.feedback.NotificationType: com.feedback.NotificationType valueOf(java.lang.String)
com.feedback.ui.SendFeedback
com.feedback.ui.FeedbackConversations
com.feedback.ui.FeedbackConversation