proguard/mapping.txt
com.lecootech.market.AddCommentActivity -> com.lecootech.market.AddCommentActivity:
    android.widget.TextView mainNameTextView -> b
    java.lang.String username -> c
    java.lang.String password -> d
    java.lang.String content -> e
    java.lang.String score -> f
    java.lang.String swid -> g
    java.lang.String packagename -> h
    android.widget.EditText contentEditText -> i
    android.widget.RatingBar ratingBar -> j
    int numStr -> k
    android.widget.Button commitButton -> l
    android.widget.Button cancelButton -> m
    android.content.SharedPreferences settingPreferences -> n
    android.app.ProgressDialog progressDialog -> o
    android.os.Handler handler -> a
    void onCreate(android.os.Bundle) -> onCreate
    void onResume() -> onResume
    void onPause() -> onPause
    void commitRecomments() -> a
    boolean commit(java.lang.String,java.lang.String,java.lang.String,java.lang.String) -> a
    android.app.ProgressDialog access$0(com.lecootech.market.AddCommentActivity) -> a
    android.widget.RatingBar access$1(com.lecootech.market.AddCommentActivity) -> b
    java.lang.String access$2(com.lecootech.market.AddCommentActivity) -> c
    java.lang.String access$3(com.lecootech.market.AddCommentActivity) -> d
    java.lang.String access$4(com.lecootech.market.AddCommentActivity) -> e
com.lecootech.market.AddCommentActivity$1 -> com.lecootech.market.bv:
    com.lecootech.market.AddCommentActivity this$0 -> a
    void handleMessage(android.os.Message) -> handleMessage
com.lecootech.market.AddCommentActivity$2 -> com.lecootech.market.bu:
    com.lecootech.market.AddCommentActivity this$0 -> a
    void onClick(android.view.View) -> onClick
com.lecootech.market.AddCommentActivity$3 -> com.lecootech.market.bx:
    com.lecootech.market.AddCommentActivity this$0 -> a
    void onClick(android.view.View) -> onClick
com.lecootech.market.AddCommentActivity$6 -> com.lecootech.market.bt:
    com.lecootech.market.AddCommentActivity this$0 -> a
    void run() -> run
com.lecootech.market.CategoryTabHost -> com.lecootech.market.CategoryTabHost:
    android.widget.LinearLayout container -> a
    int Currentposition -> b
    android.widget.LinearLayout layoutLeft -> c
    android.widget.LinearLayout layoutCenter -> d
    android.widget.LinearLayout layoutRight -> e
    android.view.View$OnClickListener onClickListener -> f
    void onCreate(android.os.Bundle) -> onCreate
    int access$0(com.lecootech.market.CategoryTabHost) -> a
    android.widget.LinearLayout access$1(com.lecootech.market.CategoryTabHost) -> b
    android.widget.LinearLayout access$2(com.lecootech.market.CategoryTabHost) -> c
    android.widget.LinearLayout access$3(com.lecootech.market.CategoryTabHost) -> d
    void access$4(com.lecootech.market.CategoryTabHost,int) -> a
    android.widget.LinearLayout access$5(com.lecootech.market.CategoryTabHost) -> e
com.lecootech.market.CategoryTabHost$1 -> com.lecootech.market.en:
    com.lecootech.market.CategoryTabHost this$0 -> a
    void onClick(android.view.View) -> onClick
com.lecootech.market.GalleryFullScreen -> com.lecootech.market.GalleryFullScreen:
    android.widget.Gallery gallery -> a
    int id -> b
    int pre_id -> c
    java.lang.String[] path -> d
    int length -> e
    android.widget.LinearLayout layout_image -> f
    java.util.ArrayList imageViews -> g
    android.content.SharedPreferences settingPreferences -> h
    void onCreate(android.os.Bundle) -> onCreate
    void onPause() -> onPause
    void onResume() -> onResume
    java.util.ArrayList access$0(com.lecootech.market.GalleryFullScreen) -> a
    int access$1(com.lecootech.market.GalleryFullScreen) -> b
    void access$2(com.lecootech.market.GalleryFullScreen,int) -> a
...
android.content.pm.IPackageStatsObserver -> a.a.a.a:
    void onGetStatsCompleted$2dcd0763(android.content.pm.PackageStats) -> a
android.content.pm.IPackageStatsObserver$Stub -> a.a.a.b:
    android.os.IBinder asBinder() -> asBinder
    boolean onTransact(int,android.os.Parcel,android.os.Parcel,int) -> onTransact
com.feedback.UMFeedbackService -> com.feedback.a:
    boolean c -> a
    boolean getHasCheckedReply() -> a
com.feedback.a.a -> com.feedback.b.a:
    java.lang.String a -> e
    java.lang.String b -> f
    java.lang.String c -> a
    java.lang.String d -> g
    java.util.Date e -> b
    com.feedback.a.c f -> c
    com.feedback.a.b g -> d
    java.lang.String a() -> a
    int compareTo(java.lang.Object) -> compareTo
com.feedback.a.b -> com.feedback.b.d:
    com.feedback.a.b a -> a
    com.feedback.a.b b -> b
    com.feedback.a.b c -> c
    com.feedback.a.b[] d -> d
    com.feedback.a.b[] values() -> values
    com.feedback.a.b valueOf(java.lang.String) -> valueOf
com.feedback.a.c -> com.feedback.b.e:
    com.feedback.a.c a -> a
    com.feedback.a.c b -> b
    com.feedback.a.c c -> c
    com.feedback.a.c[] d -> d
    com.feedback.a.c[] values() -> values
    com.feedback.a.c valueOf(java.lang.String) -> valueOf
com.feedback.a.d -> com.feedback.b.b:
    java.lang.String a -> f
    com.feedback.a.e b -> a
    java.lang.String c -> b
    com.feedback.a.a d -> c
    com.feedback.a.a e -> d
    java.util.List f -> e
    com.feedback.a.a a(int) -> a
    int compareTo(java.lang.Object) -> compareTo
com.feedback.a.e -> com.feedback.b.c:
    com.feedback.a.e a -> a
    com.feedback.a.e b -> b
    com.feedback.a.e c -> c
    com.feedback.a.e[] d -> d
    com.feedback.a.e[] values() -> values
    com.feedback.a.e valueOf(java.lang.String) -> valueOf
com.feedback.b.a -> com.feedback.a.c:
    void a(android.content.Context,com.feedback.a.d) -> a
    void b(android.content.Context) -> a
    void b(android.content.Context,com.feedback.a.d) -> b
com.feedback.b.b -> com.feedback.a.d:
    java.lang.String a(org.json.JSONObject,java.lang.String) -> a
    org.json.JSONObject a(android.content.Context,java.lang.String,int,int) -> a
    org.json.JSONObject a(android.content.Context,java.lang.String,java.lang.String) -> a
    boolean b(org.json.JSONObject) -> a
    boolean c(org.json.JSONObject) -> b
    boolean d(org.json.JSONObject) -> c
    boolean e(org.json.JSONObject) -> d
    boolean f(org.json.JSONObject) -> e
    boolean a(org.json.JSONObject,java.lang.String,java.lang.String) -> a
com.feedback.b.c -> com.feedback.a.a:
    boolean a(android.content.Context,org.json.JSONObject) -> a
    java.lang.String a(android.content.Context,org.json.JSONArray) -> a
    java.lang.String c(android.content.Context,java.lang.String) -> c
    java.util.List a(android.content.Context) -> a
    void a(android.content.Context,java.lang.String) -> a
    void b(android.content.Context,org.json.JSONObject) -> b
    void c(android.content.Context,org.json.JSONObject) -> c
    void a(android.content.SharedPreferences,java.lang.String,java.lang.String) -> a
    void a(android.content.Context,java.lang.String,java.lang.String) -> a
    void a(android.content.Context,com.feedback.a.d,int) -> a
    com.feedback.a.d b(android.content.Context,java.lang.String) -> b
    com.feedback.a.d b(android.content.Context,java.lang.String,java.lang.String) -> b
    void a(android.content.Context,java.lang.String,boolean) -> a
com.feedback.b.d -> com.feedback.a.b:
    boolean a(java.lang.String) -> a
    java.lang.String a(org.json.JSONObject,java.lang.String,java.lang.String) -> a
com.feedback.c.a -> com.feedback.c.c:
    java.lang.String a -> a
    org.json.JSONObject b -> b
    android.content.Context c -> c
    java.lang.Boolean a() -> a
    java.lang.Object call() -> call
com.feedback.c.b -> com.feedback.c.a:
    java.lang.String a -> a
    org.json.JSONObject b -> b
    android.content.Context c -> c
    void run() -> run