proguard/usage.txt
com.lecootech.market.AddCommentActivity:
    com.lecootech.market.common.SharedPrefsUtil realmname
    189:204:public void networkException(java.lang.String)
com.lecootech.market.AddCommentActivity$4
com.lecootech.market.AddCommentActivity$5
com.lecootech.market.InformationCommentActivity:
    com.lecootech.market.common.SharedPrefsUtil realmname
    private android.widget.LinearLayout layout
    private android.widget.LinearLayout layout_progressLayout
    private static final int displayDownloading
com.lecootech.market.InformationDescriptionActivity:
    private android.widget.LinearLayout layout
    private android.view.View progressView
    com.lecootech.market.common.SharedPrefsUtil realmname
    private android.webkit.WebView jieshao
    private android.widget.Button software_share_Button
    private android.widget.Button reportButton
    private android.widget.LinearLayout reportError
    private static final int downloadProgress
    private static final int loadingOtherGallery
    private static final int displayDownloading
    private static final int loadingGallery
    694:703:public void reportErrorEvent()
    906:907:public android.view.View getProgressView()
com.lecootech.market.InformationDescriptionActivity$11
com.lecootech.market.Login:
    com.lecootech.market.common.SharedPrefsUtil realmname
    287:302:public void networkException(java.lang.String)
com.lecootech.market.Login$4
com.lecootech.market.Login$5
com.lecootech.market.Register:
    com.lecootech.market.common.SharedPrefsUtil realmname
    227:242:public void networkException(java.lang.String)
com.lecootech.market.Register$3
com.lecootech.market.Register$4
com.lecootech.market.ReportErrorActivity:
    com.lecootech.market.common.SharedPrefsUtil realmname
    private android.widget.ImageButton back
    private static final int send_failed
    259:285:public void networkException(java.lang.String)
com.lecootech.market.ReportErrorActivity$6
com.lecootech.market.ReportErrorActivity$7
com.lecootech.market.SoftwareCategoryActivity:
    com.lecootech.market.common.SharedPrefsUtil realmname
com.lecootech.market.SoftwareDownloadActivity:
    public static final int UN_INSTALL
com.lecootech.market.SoftwareInstallActivity:
    com.lecootech.market.common.SharedPrefsUtil realmname
    private java.lang.String currentCategoryID
    324:384:public void setListviewOnScrollStateChange()
com.lecootech.market.SoftwareInstallActivity$3
com.lecootech.market.SoftwareInstallActivity$3$1
com.lecootech.market.SoftwareManagerActivity:
    public static final int UN_INSTALL
    475:486:public void updateManagerFloor()
com.lecootech.market.SoftwareRecommendedActivity:
    private android.widget.ListView listView
    com.lecootech.market.common.SharedPrefsUtil realmname
    private static final int display_icon
    private static final int update_maket
    private static final int update_market_tips
    private static final int progress_cancel
    704:704:public void reLoadingListViewTopLayout()
    760:772:public void addOtherListview()
com.lecootech.market.SoftwareSearchActivity:
    com.lecootech.market.common.SharedPrefsUtil realmname
    private android.widget.LinearLayout layoutlistView
    598:603:public void underline(int,int,android.widget.TextView)
com.lecootech.market.SoftwareThridFloorActivity:
    android.os.Bundle bundle
com.lecootech.market.SoftwareTopActivity:
    com.lecootech.market.common.SharedPrefsUtil realmname
    private static final int paihang
com.lecootech.market.SplashActivity:
    private static final int dispalyRatingbarFull
    private static final int dispalyRatingbarNull
    private static final int loadingFinished
    290:330:public void checkNetworkStyle()
com.lecootech.market.adapter.GalleryAdapter:
    int mGalleryItemBackground
com.lecootech.market.adapter.InstallNecessaryAdapter:
    private android.database.Cursor cursor
    private boolean[] installState
    private boolean[] selectState
...
com.feedback.b.a:
    public static void c(android.content.Context)
com.feedback.b.b:
    public static int a(org.json.JSONObject)
com.feedback.b.d:
    static final java.lang.String a
    public static final int b
    public static java.lang.String b(java.lang.String)
com.feedback.c
com.feedback.c.b:
    java.lang.String d
    java.lang.String e
    int f
    int g
com.feedback.c.c:
    public c(android.content.Context,int)
    public c(android.content.Context,android.os.Handler)
com.feedback.ui.FeedbackConversations:
    private static final int c
    private static final int d
    private static final int e
    private static final int f
    private static final int g
com.feedback.ui.ThreadView
com.feedback.ui.c:
    java.lang.String c
com.feedback.ui.g:
    org.json.JSONArray d
    java.lang.String[] e
    public com.feedback.a.e a(int)
com.lecootech.xml.SoftwareInfo:
    11:11:public java.lang.String getName()
    19:19:public java.lang.String getDownloadpath()
    27:27:public java.lang.String getSwid()
    35:35:public java.lang.String getPackagename()
    45:45:public java.lang.String getEdition()
com.mobclick.android.MobclickAgent:
    public static org.json.JSONObject getUpdateInfo()
    public static void setUpdateOnlyWifi(boolean)
    public static void setUpdateListener(com.mobclick.android.UmengUpdateListener)
    public static void openActivityDurationTrack(boolean)
    public static void setDefaultReportPolicy(android.content.Context,int)
    public static void onError(android.content.Context)
    public static void flush(android.content.Context)
    public static void update(android.content.Context)
    public static void onEvent(android.content.Context,java.lang.String)
    public static void onEvent(android.content.Context,java.lang.String,int)
    public static void onEvent(android.content.Context,java.lang.String,java.lang.String)
    public static void onEvent(android.content.Context,java.lang.String,java.lang.String,int)
    public static void enterPage(android.content.Context,java.lang.String)
    private synchronized void a(android.content.Context,java.lang.String)
    private synchronized void c(android.content.Context)
    private void d(android.content.Context)
    public static void setOpenGLContext(javax.microedition.khronos.opengles.GL10)
    public static java.lang.String getConfigParams(android.content.Context,java.lang.String)
    private static java.lang.String n(android.content.Context)
    private static void a(android.content.Context,int)
    public static void updateOnlineConfig(android.content.Context)
com.mobclick.android.ReportPolicy